2024-03-12 00:45:05.090 [http-nio-51801-exec-2] INFO  c.h.u.interceptor.AppInfoInterceptor - AppInfoInterceptor设置 userId = 4
2024-03-12 01:07:13.706 [Thread-10] WARN  c.a.n.c.http.HttpClientBeanHolder - [HttpClientBeanHolder] Start destroying common HttpClient
2024-03-12 01:07:13.709 [Thread-42] WARN  c.a.nacos.common.notify.NotifyCenter - [NotifyCenter] Start destroying Publisher
2024-03-12 01:07:13.713 [Thread-42] WARN  c.a.nacos.common.notify.NotifyCenter - [NotifyCenter] Destruction of the end
2024-03-12 01:07:13.715 [Thread-10] WARN  c.a.n.c.http.HttpClientBeanHolder - [HttpClientBeanHolder] Destruction of the end
2024-03-12 01:07:13.718 [SpringContextShutdownHook] DEBUG o.s.b.w.s.c.AnnotationConfigServletWebServerApplicationContext - Closing org.springframework.boot.web.servlet.context.AnnotationConfigServletWebServerApplicationContext@7c209437, started on Mon Mar 11 21:54:04 CST 2024, parent: org.springframework.context.annotation.AnnotationConfigApplicationContext@6f36c2f0
2024-03-12 01:07:15.423 [SpringContextShutdownHook] INFO  o.s.s.c.ThreadPoolTaskScheduler - Shutting down ExecutorService 'Nacos-Watch-Task-Scheduler'
2024-03-12 01:07:15.471 [SpringContextShutdownHook] DEBUG o.s.b.a.e.jmx.JmxEndpointExporter - Unregister endpoint with ObjectName 'org.springframework.boot:type=Endpoint,name=Archaius' from the JMX domain
2024-03-12 01:07:15.473 [SpringContextShutdownHook] DEBUG o.s.b.a.e.jmx.JmxEndpointExporter - Unregister endpoint with ObjectName 'org.springframework.boot:type=Endpoint,name=Nacosconfig' from the JMX domain
2024-03-12 01:07:15.474 [SpringContextShutdownHook] DEBUG o.s.b.a.e.jmx.JmxEndpointExporter - Unregister endpoint with ObjectName 'org.springframework.boot:type=Endpoint,name=Nacosdiscovery' from the JMX domain
2024-03-12 01:07:15.475 [SpringContextShutdownHook] DEBUG o.s.b.a.e.jmx.JmxEndpointExporter - Unregister endpoint with ObjectName 'org.springframework.boot:type=Endpoint,name=Beans' from the JMX domain
2024-03-12 01:07:15.475 [SpringContextShutdownHook] DEBUG o.s.b.a.e.jmx.JmxEndpointExporter - Unregister endpoint with ObjectName 'org.springframework.boot:type=Endpoint,name=Caches' from the JMX domain
2024-03-12 01:07:15.475 [SpringContextShutdownHook] DEBUG o.s.b.a.e.jmx.JmxEndpointExporter - Unregister endpoint with ObjectName 'org.springframework.boot:type=Endpoint,name=Health' from the JMX domain
2024-03-12 01:07:15.475 [SpringContextShutdownHook] DEBUG o.s.b.a.e.jmx.JmxEndpointExporter - Unregister endpoint with ObjectName 'org.springframework.boot:type=Endpoint,name=Info' from the JMX domain
2024-03-12 01:07:15.475 [SpringContextShutdownHook] DEBUG o.s.b.a.e.jmx.JmxEndpointExporter - Unregister endpoint with ObjectName 'org.springframework.boot:type=Endpoint,name=Conditions' from the JMX domain
2024-03-12 01:07:15.477 [SpringContextShutdownHook] DEBUG o.s.b.a.e.jmx.JmxEndpointExporter - Unregister endpoint with ObjectName 'org.springframework.boot:type=Endpoint,name=Configprops' from the JMX domain
2024-03-12 01:07:15.477 [SpringContextShutdownHook] DEBUG o.s.b.a.e.jmx.JmxEndpointExporter - Unregister endpoint with ObjectName 'org.springframework.boot:type=Endpoint,name=Env' from the JMX domain
2024-03-12 01:07:15.478 [SpringContextShutdownHook] DEBUG o.s.b.a.e.jmx.JmxEndpointExporter - Unregister endpoint with ObjectName 'org.springframework.boot:type=Endpoint,name=Loggers' from the JMX domain
2024-03-12 01:07:15.479 [SpringContextShutdownHook] DEBUG o.s.b.a.e.jmx.JmxEndpointExporter - Unregister endpoint with ObjectName 'org.springframework.boot:type=Endpoint,name=Threaddump' from the JMX domain
2024-03-12 01:07:15.479 [SpringContextShutdownHook] DEBUG o.s.b.a.e.jmx.JmxEndpointExporter - Unregister endpoint with ObjectName 'org.springframework.boot:type=Endpoint,name=Metrics' from the JMX domain
2024-03-12 01:07:15.479 [SpringContextShutdownHook] DEBUG o.s.b.a.e.jmx.JmxEndpointExporter - Unregister endpoint with ObjectName 'org.springframework.boot:type=Endpoint,name=Scheduledtasks' from the JMX domain
2024-03-12 01:07:15.480 [SpringContextShutdownHook] DEBUG o.s.b.a.e.jmx.JmxEndpointExporter - Unregister endpoint with ObjectName 'org.springframework.boot:type=Endpoint,name=Mappings' from the JMX domain
2024-03-12 01:07:15.481 [SpringContextShutdownHook] DEBUG o.s.b.a.e.jmx.JmxEndpointExporter - Unregister endpoint with ObjectName 'org.springframework.boot:type=Endpoint,name=Refresh' from the JMX domain
2024-03-12 01:07:15.482 [SpringContextShutdownHook] DEBUG o.s.b.a.e.jmx.JmxEndpointExporter - Unregister endpoint with ObjectName 'org.springframework.boot:type=Endpoint,name=Features' from the JMX domain
2024-03-12 01:07:15.482 [SpringContextShutdownHook] DEBUG o.s.b.a.e.jmx.JmxEndpointExporter - Unregister endpoint with ObjectName 'org.springframework.boot:type=Endpoint,name=Service-registry' from the JMX domain
2024-03-12 01:07:15.489 [SpringContextShutdownHook] INFO  c.a.c.n.r.NacosServiceRegistry - De-registering from Nacos Server now...
2024-03-12 01:07:15.490 [SpringContextShutdownHook] INFO  com.alibaba.nacos.client.naming - [BEAT] removing beat: DEFAULT_GROUP@@leadnews-user:192.168.200.150:51801 from beat map.
2024-03-12 01:07:15.492 [SpringContextShutdownHook] INFO  com.alibaba.nacos.client.naming - [DEREGISTER-SERVICE] public deregistering service DEFAULT_GROUP@@leadnews-user with instance: Instance{instanceId='null', ip='192.168.200.150', port=51801, weight=1.0, healthy=true, enabled=true, ephemeral=true, clusterName='DEFAULT', serviceName='null', metadata={}}
2024-03-12 01:07:15.507 [SpringContextShutdownHook] INFO  c.a.c.n.r.NacosServiceRegistry - De-registration finished.
2024-03-12 01:07:15.512 [SpringContextShutdownHook] INFO  com.alibaba.nacos.client.naming - com.alibaba.nacos.client.naming.beat.BeatReactor do shutdown begin
2024-03-12 01:07:16.507 [com.alibaba.nacos.naming.push.receiver] INFO  com.alibaba.nacos.client.naming - received push data: {"type":"dom","data":"{\"metadata\":{},\"dom\":\"DEFAULT_GROUP@@leadnews-user\",\"cacheMillis\":10000,\"useSpecifiedURL\":false,\"hosts\":[],\"name\":\"DEFAULT_GROUP@@leadnews-user\",\"checksum\":\"c38ca5dc04ccda8a83dcc1f1c8d63167\",\"lastRefTime\":1710176836516,\"env\":\"\",\"clusters\":\"DEFAULT\"}","lastRefTime":357490784133640} from /192.168.200.130
2024-03-12 01:07:16.513 [com.alibaba.nacos.naming.push.receiver] INFO  com.alibaba.nacos.client.naming - removed ips(1) service: DEFAULT_GROUP@@leadnews-user@@DEFAULT -> [{"instanceId":"192.168.200.150#51801#DEFAULT#DEFAULT_GROUP@@leadnews-user","ip":"192.168.200.150","port":51801,"weight":1.0,"healthy":true,"enabled":true,"ephemeral":true,"clusterName":"DEFAULT","serviceName":"DEFAULT_GROUP@@leadnews-user","metadata":{"preserved.register.source":"SPRING_CLOUD"},"ipDeleteTimeout":30000,"instanceHeartBeatTimeOut":15000,"instanceHeartBeatInterval":5000}]
2024-03-12 01:07:16.520 [com.alibaba.nacos.naming.push.receiver] INFO  com.alibaba.nacos.client.naming - current ips:(0) service: DEFAULT_GROUP@@leadnews-user@@DEFAULT -> []
2024-03-12 01:07:18.543 [SpringContextShutdownHook] INFO  com.alibaba.nacos.client.naming - com.alibaba.nacos.client.naming.beat.BeatReactor do shutdown stop
2024-03-12 01:07:18.544 [SpringContextShutdownHook] INFO  com.alibaba.nacos.client.naming - com.alibaba.nacos.client.naming.core.HostReactor do shutdown begin
2024-03-12 01:07:21.574 [SpringContextShutdownHook] INFO  com.alibaba.nacos.client.naming - com.alibaba.nacos.client.naming.core.PushReceiver do shutdown begin
2024-03-12 01:07:24.612 [SpringContextShutdownHook] INFO  com.alibaba.nacos.client.naming - com.alibaba.nacos.client.naming.core.PushReceiver do shutdown stop
2024-03-12 01:07:24.613 [SpringContextShutdownHook] INFO  com.alibaba.nacos.client.naming - com.alibaba.nacos.client.naming.backups.FailoverReactor do shutdown begin
2024-03-12 01:07:24.614 [SpringContextShutdownHook] INFO  com.alibaba.nacos.client.naming - com.alibaba.nacos.client.naming.backups.FailoverReactor do shutdown stop
2024-03-12 01:07:24.614 [SpringContextShutdownHook] INFO  com.alibaba.nacos.client.naming - com.alibaba.nacos.client.naming.core.HostReactor do shutdown stop
2024-03-12 01:07:24.614 [SpringContextShutdownHook] INFO  com.alibaba.nacos.client.naming - com.alibaba.nacos.client.naming.net.NamingProxy do shutdown begin
2024-03-12 01:07:24.615 [SpringContextShutdownHook] WARN  com.alibaba.nacos.client.naming - [NamingHttpClientManager] Start destroying NacosRestTemplate
2024-03-12 01:07:24.615 [SpringContextShutdownHook] WARN  com.alibaba.nacos.client.naming - [NamingHttpClientManager] Destruction of the end
2024-03-12 01:07:24.616 [SpringContextShutdownHook] INFO  c.a.n.c.identify.CredentialWatcher - [null] CredentialWatcher is stopped
2024-03-12 01:07:24.616 [SpringContextShutdownHook] INFO  c.a.n.c.identify.CredentialService - [null] CredentialService is freed
2024-03-12 01:07:24.616 [SpringContextShutdownHook] INFO  com.alibaba.nacos.client.naming - com.alibaba.nacos.client.naming.net.NamingProxy do shutdown stop
2024-03-12 01:07:24.621 [SpringContextShutdownHook] INFO  o.s.j.e.a.AnnotationMBeanExporter - Could not unregister MBean [com.github.tobato.fastdfs.domain.conn:name=fdfsConnectionPool,type=FdfsConnectionPool] as said MBean is not registered (perhaps already unregistered by an external process)
2024-03-12 01:07:24.622 [SpringContextShutdownHook] INFO  o.s.s.c.ThreadPoolTaskExecutor - Shutting down ExecutorService 'applicationTaskExecutor'
2024-03-12 01:07:24.634 [SpringContextShutdownHook] WARN  o.s.b.f.s.DisposableBeanAdapter - Destroy method 'close' on bean with name 'nacosServiceRegistry' threw an exception: java.lang.NullPointerException
2024-03-12 01:07:24.644 [SpringContextShutdownHook] INFO  org.mongodb.driver.connection - Closed connection [connectionId{localValue:2, serverValue:202}] to 192.168.200.130:27017 because the pool has been closed.
2024-03-12 01:07:24.857 [SpringContextShutdownHook] INFO  com.zaxxer.hikari.HikariDataSource - HikariPool-1 - Shutdown initiated...
2024-03-12 01:07:24.881 [SpringContextShutdownHook] INFO  com.zaxxer.hikari.HikariDataSource - HikariPool-1 - Shutdown completed.
